TN:
SF:controller/AlunoController.js
FN:187,verificarInadimplencia
FN:188,_verificarInadimplencia
FNF:2
FNH:2
FNDA:2,verificarInadimplencia
FNDA:1,_verificarInadimplencia
DA:1,1
DA:2,1
DA:3,1
DA:4,1
DA:5,1
DA:6,1
DA:7,1
DA:8,1
DA:9,1
DA:10,1
DA:11,1
DA:12,5
DA:13,5
DA:14,5
DA:15,5
DA:16,5
DA:17,5
DA:18,5
DA:19,1
DA:20,5
DA:21,3
DA:22,3
DA:23,3
DA:24,3
DA:25,3
DA:26,3
DA:27,3
DA:28,3
DA:29,3
DA:30,3
DA:31,3
DA:32,3
DA:33,3
DA:34,3
DA:35,3
DA:36,2
DA:37,2
DA:38,5
DA:39,2
DA:40,2
DA:41,1
DA:42,1
DA:43,1
DA:44,2
DA:45,2
DA:46,1
DA:47,1
DA:48,1
DA:49,1
DA:50,1
DA:51,1
DA:52,1
DA:53,3
DA:54,3
DA:55,3
DA:56,3
DA:57,3
DA:58,3
DA:59,3
DA:60,3
DA:61,3
DA:62,3
DA:63,1
DA:64,1
DA:65,1
DA:66,1
DA:67,3
DA:68,1
DA:69,1
DA:70,1
DA:71,1
DA:72,1
DA:73,2
DA:74,2
DA:75,2
DA:76,2
DA:77,2
DA:78,1
DA:79,1
DA:80,1
DA:81,1
DA:82,2
DA:83,0
DA:84,0
DA:85,1
DA:86,1
DA:87,1
DA:88,3
DA:89,3
DA:90,3
DA:91,3
DA:92,3
DA:93,3
DA:94,3
DA:95,3
DA:96,3
DA:97,2
DA:98,3
DA:99,1
DA:100,1
DA:101,1
DA:102,1
DA:103,1
DA:104,2
DA:105,2
DA:106,2
DA:107,2
DA:108,2
DA:109,2
DA:110,2
DA:111,2
DA:112,2
DA:113,2
DA:114,2
DA:115,2
DA:116,0
DA:117,0
DA:118,1
DA:119,1
DA:120,1
DA:121,2
DA:122,2
DA:123,2
DA:124,2
DA:125,2
DA:126,2
DA:127,2
DA:128,2
DA:129,1
DA:130,1
DA:131,1
DA:132,1
DA:133,1
DA:134,1
DA:135,1
DA:136,1
DA:137,1
DA:138,1
DA:139,1
DA:140,1
DA:141,1
DA:142,1
DA:143,1
DA:144,1
DA:145,1
DA:146,1
DA:147,2
DA:148,0
DA:149,0
DA:150,1
DA:151,1
DA:152,1
DA:153,2
DA:154,2
DA:155,2
DA:156,2
DA:157,2
DA:158,1
DA:159,1
DA:160,1
DA:161,1
DA:162,1
DA:163,1
DA:164,1
DA:165,1
DA:166,1
DA:167,1
DA:168,2
DA:169,0
DA:170,0
DA:171,1
DA:172,1
DA:173,1
DA:174,2
DA:175,2
DA:176,2
DA:177,2
DA:178,1
DA:179,1
DA:180,1
DA:181,1
DA:182,1
DA:183,2
DA:184,0
DA:185,0
DA:186,1
DA:187,2
DA:188,2
DA:189,2
DA:190,2
DA:191,2
DA:192,2
DA:193,7
DA:194,7
DA:195,7
DA:196,7
DA:197,7
DA:198,0
DA:199,0
DA:200,0
DA:201,7
DA:202,2
DA:203,0
DA:204,0
DA:205,2
DA:206,1
DA:207,1
LF:207
LH:192
BRDA:11,0,0,3
BRDA:11,1,0,5
BRDA:17,2,0,4
BRDA:18,3,0,1
BRDA:20,4,0,3
BRDA:35,5,0,2
BRDA:38,6,0,2
BRDA:41,7,0,5
BRDA:43,8,0,3
BRDA:43,9,0,2
BRDA:45,10,0,1
BRDA:50,11,0,2
BRDA:52,12,0,3
BRDA:52,13,0,3
BRDA:61,14,0,2
BRDA:62,15,0,1
BRDA:67,16,0,1
BRDA:70,17,0,3
BRDA:72,18,0,3
BRDA:72,19,0,2
BRDA:77,20,0,1
BRDA:82,21,0,0
BRDA:85,22,0,2
BRDA:87,23,0,3
BRDA:87,24,0,3
BRDA:96,25,0,2
BRDA:98,26,0,1
BRDA:101,27,0,3
BRDA:103,28,0,3
BRDA:103,29,0,2
BRDA:115,30,0,0
BRDA:118,31,0,2
BRDA:120,32,0,3
BRDA:120,33,0,2
BRDA:128,34,0,1
BRDA:147,35,0,0
BRDA:150,36,0,2
BRDA:152,37,0,3
BRDA:152,38,0,2
BRDA:157,39,0,1
BRDA:168,40,0,0
BRDA:171,41,0,2
BRDA:173,42,0,3
BRDA:173,43,0,2
BRDA:177,44,0,1
BRDA:183,45,0,0
BRDA:186,46,0,2
BRDA:187,47,0,2
BRDA:188,48,0,1
BRDA:188,49,0,2
BRDA:192,50,0,7
BRDA:197,51,0,0
BRDA:202,52,0,0
BRF:53
BRH:46
end_of_record
TN:
SF:controller/MedidasController.js
FNF:0
FNH:0
DA:1,1
DA:2,1
DA:3,1
DA:4,1
DA:5,1
DA:6,1
DA:7,1
DA:8,1
DA:9,3
DA:10,3
DA:11,3
DA:12,3
DA:13,3
DA:14,3
DA:15,3
DA:16,2
DA:17,2
DA:18,2
DA:19,2
DA:20,1
DA:21,3
DA:22,1
DA:23,1
DA:24,3
DA:25,1
DA:26,1
DA:27,1
DA:28,1
DA:29,1
DA:30,3
DA:31,3
DA:32,3
DA:33,3
DA:34,3
DA:35,3
DA:36,3
DA:37,1
DA:38,1
DA:39,1
DA:40,1
DA:41,3
DA:42,1
DA:43,1
DA:44,1
DA:45,1
DA:46,1
DA:47,3
DA:48,3
DA:49,3
DA:50,3
DA:51,3
DA:52,3
DA:53,2
DA:54,2
DA:55,2
DA:56,2
DA:57,2
DA:58,2
DA:59,2
DA:60,1
DA:61,1
DA:62,1
DA:63,1
DA:64,3
DA:65,1
DA:66,1
DA:67,3
DA:68,3
DA:69,0
DA:70,0
DA:71,1
DA:72,1
DA:73,1
DA:74,0
DA:75,0
DA:76,0
DA:77,0
DA:78,0
DA:79,0
DA:80,0
DA:81,0
DA:82,0
DA:83,0
DA:84,0
DA:85,0
DA:86,0
DA:87,0
DA:88,0
DA:89,0
DA:90,0
DA:91,0
DA:92,1
DA:93,1
DA:94,1
LF:94
LH:74
BRDA:8,0,0,3
BRDA:8,1,0,3
BRDA:15,2,0,2
BRDA:19,3,0,1
BRDA:21,4,0,1
BRDA:24,5,0,1
BRDA:27,6,0,3
BRDA:29,7,0,3
BRDA:29,8,0,3
BRDA:35,9,0,2
BRDA:36,10,0,1
BRDA:41,11,0,1
BRDA:44,12,0,3
BRDA:46,13,0,3
BRDA:46,14,0,3
BRDA:52,15,0,2
BRDA:59,16,0,1
BRDA:64,17,0,1
BRDA:68,18,0,0
BRDA:71,19,0,3
BRDA:73,20,0,3
BRF:21
BRH:20
end_of_record
TN:
SF:controller/TreinoController.js
FNF:0
FNH:0
DA:1,1
DA:2,1
DA:3,1
DA:4,1
DA:5,1
DA:6,1
DA:7,1
DA:8,1
DA:9,1
DA:10,1
DA:11,1
DA:12,1
DA:13,1
DA:14,1
DA:15,1
DA:16,1
DA:17,0
DA:18,0
DA:19,0
DA:20,0
DA:21,0
DA:22,0
DA:23,0
DA:24,0
DA:25,0
DA:26,0
DA:27,0
DA:28,0
DA:29,0
DA:30,0
DA:31,0
DA:32,1
DA:33,1
DA:34,1
DA:35,1
DA:36,0
DA:37,0
DA:38,1
DA:39,1
DA:40,1
DA:41,0
DA:42,0
DA:43,0
DA:44,0
DA:45,0
DA:46,0
DA:47,0
DA:48,0
DA:49,0
DA:50,0
DA:51,0
DA:52,0
DA:53,0
DA:54,0
DA:55,0
DA:56,0
DA:57,0
DA:58,0
DA:59,0
DA:60,0
DA:61,0
DA:62,0
DA:63,0
DA:64,1
DA:65,1
DA:66,1
DA:67,0
DA:68,0
DA:69,0
DA:70,0
DA:71,0
DA:72,0
DA:73,0
DA:74,0
DA:75,0
DA:76,0
DA:77,0
DA:78,0
DA:79,0
DA:80,0
DA:81,0
DA:82,0
DA:83,0
DA:84,1
DA:85,1
DA:86,1
DA:87,0
DA:88,0
DA:89,0
DA:90,0
DA:91,0
DA:92,0
DA:93,0
DA:94,0
DA:95,0
DA:96,0
DA:97,0
DA:98,0
DA:99,0
DA:100,0
DA:101,0
DA:102,0
DA:103,0
DA:104,0
DA:105,0
DA:106,0
DA:107,0
DA:108,0
DA:109,0
DA:110,0
DA:111,0
DA:112,0
DA:113,0
DA:114,0
DA:115,0
DA:116,0
DA:117,0
DA:118,0
DA:119,0
DA:120,0
DA:121,0
DA:122,0
DA:123,0
DA:124,0
DA:125,0
DA:126,1
DA:127,1
DA:128,1
DA:129,0
DA:130,0
DA:131,0
DA:132,0
DA:133,0
DA:134,0
DA:135,0
DA:136,0
DA:137,0
DA:138,0
DA:139,0
DA:140,0
DA:141,0
DA:142,0
DA:143,0
DA:144,0
DA:145,0
DA:146,0
DA:147,0
DA:148,0
DA:149,0
DA:150,0
DA:151,0
DA:152,0
DA:153,0
DA:154,0
DA:155,0
DA:156,0
DA:157,0
DA:158,1
DA:159,1
DA:160,1
LF:160
LH:35
BRDA:9,0,0,3
BRDA:9,1,0,1
BRDA:16,2,0,0
BRDA:35,3,0,0
BRDA:38,4,0,1
BRDA:40,5,0,3
BRDA:66,6,0,3
BRDA:86,7,0,3
BRDA:128,8,0,3
BRF:9
BRH:7
end_of_record
